mobile_backup_temp/android/app/build/intermediates/manifest_merge_blame_file/debug/processDebugMainManifest/manifest-merger-blame-debug-report.txt
1<?xml version="1.0" encoding="utf-8"?>
2<manifest xmlns:android="http://schemas.android.com/apk/res/android"
3    package="com.openactive.mobile"
4    android:versionCode="1"
5    android:versionName="1.0.0" >
6
7    <uses-sdk
8        android:minSdkVersion="24"
9        android:targetSdkVersion="34" />
10
11    <uses-permission android:name="android.permission.SYSTEM_ALERT_WINDOW" />
11-->src\main\AndroidManifest.xml:4:3-75
11-->src\main\AndroidManifest.xml:4:20-73
12    <uses-permission android:name="android.permission.INTERNET" />
12-->src\main\AndroidManifest.xml:2:3-64
12-->src\main\AndroidManifest.xml:2:20-62
13    <uses-permission android:name="android.permission.READ_EXTERNAL_STORAGE" />
13-->src\main\AndroidManifest.xml:3:3-77
13-->src\main\AndroidManifest.xml:3:20-75
14    <uses-permission android:name="android.permission.VIBRATE" />
14-->src\main\AndroidManifest.xml:5:3-63
14-->src\main\AndroidManifest.xml:5:20-61
15    <uses-permission android:name="android.permission.WRITE_EXTERNAL_STORAGE" />
15-->src\main\AndroidManifest.xml:6:3-78
15-->src\main\AndroidManifest.xml:6:20-76
16
17    <queries>
17-->src\main\AndroidManifest.xml:7:3-13:13
18        <intent>
18-->src\main\AndroidManifest.xml:8:5-12:14
19            <action android:name="android.intent.action.VIEW" />
19-->src\main\AndroidManifest.xml:9:7-58
19-->src\main\AndroidManifest.xml:9:15-56
20
21            <category android:name="android.intent.category.BROWSABLE" />
21-->src\main\AndroidManifest.xml:10:7-67
21-->src\main\AndroidManifest.xml:10:17-65
22
23            <data android:scheme="https" />
23-->src\main\AndroidManifest.xml:11:7-37
23-->src\main\AndroidManifest.xml:11:13-35
24        </intent>
25
26        <package android:name="host.exp.exponent" /> <!-- Query open documents -->
26-->[:expo-dev-launcher] AndroidManifest.xml:8:9-53
26-->[:expo-dev-launcher] AndroidManifest.xml:8:18-50
27        <intent>
27-->[:expo-file-system] AndroidManifest.xml:15:9-17:18
28            <action android:name="android.intent.action.OPEN_DOCUMENT_TREE" />
28-->[:expo-file-system] AndroidManifest.xml:16:13-79
28-->[:expo-file-system] AndroidManifest.xml:16:21-76
29        </intent>
30    </queries>
31
32    <permission
32-->[androidx.core:core:1.13.1] AndroidManifest.xml:22:5-24:47
33        android:name="com.openactive.mobile.DYNAMIC_RECEIVER_NOT_EXPORTED_PERMISSION"
33-->[androidx.core:core:1.13.1] AndroidManifest.xml:23:9-81
34        android:protectionLevel="signature" />
34-->[androidx.core:core:1.13.1] AndroidManifest.xml:24:9-44
35
36    <uses-permission android:name="com.openactive.mobile.DYNAMIC_RECEIVER_NOT_EXPORTED_PERMISSION" />
36-->[androidx.core:core:1.13.1] AndroidManifest.xml:26:5-97
36-->[androidx.core:core:1.13.1] AndroidManifest.xml:26:22-94
37
38    <application
38-->src\main\AndroidManifest.xml:14:3-31:17
39        android:name="com.openactive.mobile.MainApplication"
39-->src\main\AndroidManifest.xml:14:16-47
40        android:allowBackup="true"
40-->src\main\AndroidManifest.xml:14:162-188
41        android:appComponentFactory="androidx.core.app.CoreComponentFactory"
41-->[androidx.core:core:1.13.1] AndroidManifest.xml:28:18-86
42        android:debuggable="true"
43        android:extractNativeLibs="false"
44        android:icon="@mipmap/ic_launcher"
44-->src\main\AndroidManifest.xml:14:81-115
45        android:label="@string/app_name"
45-->src\main\AndroidManifest.xml:14:48-80
46        android:roundIcon="@mipmap/ic_launcher_round"
46-->src\main\AndroidManifest.xml:14:116-161
47        android:supportsRtl="true"
47-->src\main\AndroidManifest.xml:14:221-247
48        android:theme="@style/AppTheme"
48-->src\main\AndroidManifest.xml:14:189-220
49        android:usesCleartextTraffic="true" >
49-->src\debug\AndroidManifest.xml:6:18-53
50        <meta-data
50-->src\main\AndroidManifest.xml:15:5-83
51            android:name="expo.modules.updates.ENABLED"
51-->src\main\AndroidManifest.xml:15:16-59
52            android:value="false" />
52-->src\main\AndroidManifest.xml:15:60-81
53        <meta-data
53-->src\main\AndroidManifest.xml:16:5-105
54            android:name="expo.modules.updates.EXPO_UPDATES_CHECK_ON_LAUNCH"
54-->src\main\AndroidManifest.xml:16:16-80
55            android:value="ALWAYS" />
55-->src\main\AndroidManifest.xml:16:81-103
56        <meta-data
56-->src\main\AndroidManifest.xml:17:5-99
57            android:name="expo.modules.updates.EXPO_UPDATES_LAUNCH_WAIT_MS"
57-->src\main\AndroidManifest.xml:17:16-79
58            android:value="0" />
58-->src\main\AndroidManifest.xml:17:80-97
59
60        <activity
60-->src\main\AndroidManifest.xml:18:5-30:16
61            android:name="com.openactive.mobile.MainActivity"
61-->src\main\AndroidManifest.xml:18:15-43
62            android:configChanges="keyboard|keyboardHidden|orientation|screenSize|screenLayout|uiMode"
62-->src\main\AndroidManifest.xml:18:44-134
63            android:exported="true"
63-->src\main\AndroidManifest.xml:18:256-279
64            android:launchMode="singleTask"
64-->src\main\AndroidManifest.xml:18:135-166
65            android:screenOrientation="portrait"
65-->src\main\AndroidManifest.xml:18:280-316
66            android:theme="@style/Theme.App.SplashScreen"
66-->src\main\AndroidManifest.xml:18:210-255
67            android:windowSoftInputMode="adjustResize" >
67-->src\main\AndroidManifest.xml:18:167-209
68            <intent-filter>
68-->src\main\AndroidManifest.xml:19:7-22:23
69                <action android:name="android.intent.action.MAIN" />
69-->src\main\AndroidManifest.xml:20:9-60
69-->src\main\AndroidManifest.xml:20:17-58
70
71                <category android:name="android.intent.category.LAUNCHER" />
71-->src\main\AndroidManifest.xml:21:9-68
71-->src\main\AndroidManifest.xml:21:19-66
72            </intent-filter>
73            <intent-filter>
73-->src\main\AndroidManifest.xml:23:7-29:23
74                <action android:name="android.intent.action.VIEW" />
74-->src\main\AndroidManifest.xml:9:7-58
74-->src\main\AndroidManifest.xml:9:15-56
75
76                <category android:name="android.intent.category.DEFAULT" />
76-->src\main\AndroidManifest.xml:25:9-67
76-->src\main\AndroidManifest.xml:25:19-65
77                <category android:name="android.intent.category.BROWSABLE" />
77-->src\main\AndroidManifest.xml:10:7-67
77-->src\main\AndroidManifest.xml:10:17-65
78
79                <data android:scheme="com.openactive.mobile" />
79-->src\main\AndroidManifest.xml:11:7-37
79-->src\main\AndroidManifest.xml:11:13-35
80                <data android:scheme="exp+mobile" />
80-->src\main\AndroidManifest.xml:11:7-37
80-->src\main\AndroidManifest.xml:11:13-35
81            </intent-filter>
82        </activity>
83        <activity
83-->[:expo-dev-launcher] AndroidManifest.xml:12:9-25:20
84            android:name="expo.modules.devlauncher.launcher.DevLauncherActivity"
84-->[:expo-dev-launcher] AndroidManifest.xml:13:13-81
85            android:exported="true"
85-->[:expo-dev-launcher] AndroidManifest.xml:14:13-36
86            android:launchMode="singleTask"
86-->[:expo-dev-launcher] AndroidManifest.xml:15:13-44
87            android:theme="@style/Theme.DevLauncher.LauncherActivity" >
87-->[:expo-dev-launcher] AndroidManifest.xml:16:13-70
88            <intent-filter>
88-->[:expo-dev-launcher] AndroidManifest.xml:17:13-24:29
89                <action android:name="android.intent.action.VIEW" />
89-->src\main\AndroidManifest.xml:9:7-58
89-->src\main\AndroidManifest.xml:9:15-56
90
91                <category android:name="android.intent.category.DEFAULT" />
91-->src\main\AndroidManifest.xml:25:9-67
91-->src\main\AndroidManifest.xml:25:19-65
92                <category android:name="android.intent.category.BROWSABLE" />
92-->src\main\AndroidManifest.xml:10:7-67
92-->src\main\AndroidManifest.xml:10:17-65
93
94                <data android:scheme="expo-dev-launcher" />
94-->src\main\AndroidManifest.xml:11:7-37
94-->src\main\AndroidManifest.xml:11:13-35
95            </intent-filter>
96        </activity>
97        <activity
97-->[:expo-dev-launcher] AndroidManifest.xml:26:9-29:70
98            android:name="expo.modules.devlauncher.launcher.errors.DevLauncherErrorActivity"
98-->[:expo-dev-launcher] AndroidManifest.xml:27:13-93
99            android:screenOrientation="portrait"
99-->[:expo-dev-launcher] AndroidManifest.xml:28:13-49
100            android:theme="@style/Theme.DevLauncher.ErrorActivity" />
100-->[:expo-dev-launcher] AndroidManifest.xml:29:13-67
101        <activity
101-->[:expo-dev-menu] AndroidManifest.xml:8:9-21:20
102            android:name="expo.modules.devmenu.DevMenuActivity"
102-->[:expo-dev-menu] AndroidManifest.xml:9:13-64
103            android:exported="true"
103-->[:expo-dev-menu] AndroidManifest.xml:10:13-36
104            android:launchMode="singleTask"
104-->[:expo-dev-menu] AndroidManifest.xml:11:13-44
105            android:theme="@style/Theme.AppCompat.Transparent.NoActionBar" >
105-->[:expo-dev-menu] AndroidManifest.xml:12:13-75
106            <intent-filter>
106-->[:expo-dev-menu] AndroidManifest.xml:13:13-20:29
107                <action android:name="android.intent.action.VIEW" />
107-->src\main\AndroidManifest.xml:9:7-58
107-->src\main\AndroidManifest.xml:9:15-56
108
109                <category android:name="android.intent.category.DEFAULT" />
109-->src\main\AndroidManifest.xml:25:9-67
109-->src\main\AndroidManifest.xml:25:19-65
110                <category android:name="android.intent.category.BROWSABLE" />
110-->src\main\AndroidManifest.xml:10:7-67
110-->src\main\AndroidManifest.xml:10:17-65
111
112                <data android:scheme="expo-dev-menu" />
112-->src\main\AndroidManifest.xml:11:7-37
112-->src\main\AndroidManifest.xml:11:13-35
113            </intent-filter>
114        </activity>
115
116        <provider
116-->[:expo-file-system] AndroidManifest.xml:21:9-30:20
117            android:name="expo.modules.filesystem.FileSystemFileProvider"
117-->[:expo-file-system] AndroidManifest.xml:22:13-74
118            android:authorities="com.openactive.mobile.FileSystemFileProvider"
118-->[:expo-file-system] AndroidManifest.xml:23:13-74
119            android:exported="false"
119-->[:expo-file-system] AndroidManifest.xml:24:13-37
120            android:grantUriPermissions="true" >
120-->[:expo-file-system] AndroidManifest.xml:25:13-47
121            <meta-data
121-->[:expo-file-system] AndroidManifest.xml:27:13-29:70
122                android:name="android.support.FILE_PROVIDER_PATHS"
122-->[:expo-file-system] AndroidManifest.xml:28:17-67
123                android:resource="@xml/file_system_provider_paths" />
123-->[:expo-file-system] AndroidManifest.xml:29:17-67
124        </provider>
125
126        <meta-data
126-->[:expo-modules-core] AndroidManifest.xml:9:9-11:89
127            android:name="org.unimodules.core.AppLoader#react-native-headless"
127-->[:expo-modules-core] AndroidManifest.xml:10:13-79
128            android:value="expo.modules.adapters.react.apploader.RNHeadlessAppLoader" />
128-->[:expo-modules-core] AndroidManifest.xml:11:13-86
129        <meta-data
129-->[:expo-modules-core] AndroidManifest.xml:12:9-15:45
130            android:name="com.facebook.soloader.enabled"
130-->[:expo-modules-core] AndroidManifest.xml:13:13-57
131            android:value="true" />
131-->[:expo-modules-core] AndroidManifest.xml:14:13-33
132
133        <activity
133-->[com.facebook.react:react-android:0.76.9] AndroidManifest.xml:19:9-21:40
134            android:name="com.facebook.react.devsupport.DevSettingsActivity"
134-->[com.facebook.react:react-android:0.76.9] AndroidManifest.xml:20:13-77
135            android:exported="false" />
135-->[com.facebook.react:react-android:0.76.9] AndroidManifest.xml:21:13-37
136
137        <provider
137-->[androidx.emoji2:emoji2:1.3.0] AndroidManifest.xml:24:9-32:20
138            android:name="androidx.startup.InitializationProvider"
138-->[androidx.emoji2:emoji2:1.3.0] AndroidManifest.xml:25:13-67
139            android:authorities="com.openactive.mobile.androidx-startup"
139-->[androidx.emoji2:emoji2:1.3.0] AndroidManifest.xml:26:13-68
140            android:exported="false" >
140-->[androidx.emoji2:emoji2:1.3.0] AndroidManifest.xml:27:13-37
141            <meta-data
141-->[androidx.emoji2:emoji2:1.3.0] AndroidManifest.xml:29:13-31:52
142                android:name="androidx.emoji2.text.EmojiCompatInitializer"
142-->[androidx.emoji2:emoji2:1.3.0] AndroidManifest.xml:30:17-75
143                android:value="androidx.startup" />
143-->[androidx.emoji2:emoji2:1.3.0] AndroidManifest.xml:31:17-49
144            <meta-data
144-->[androidx.lifecycle:lifecycle-process:2.8.3] AndroidManifest.xml:29:13-31:52
145                android:name="androidx.lifecycle.ProcessLifecycleInitializer"
145-->[androidx.lifecycle:lifecycle-process:2.8.3] AndroidManifest.xml:30:17-78
146                android:value="androidx.startup" />
146-->[androidx.lifecycle:lifecycle-process:2.8.3] AndroidManifest.xml:31:17-49
147            <meta-data
147-->[androidx.profileinstaller:profileinstaller:1.3.1] AndroidManifest.xml:29:13-31:52
148                android:name="androidx.profileinstaller.ProfileInstallerInitializer"
148-->[androidx.profileinstaller:profileinstaller:1.3.1] AndroidManifest.xml:30:17-85
149                android:value="androidx.startup" />
149-->[androidx.profileinstaller:profileinstaller:1.3.1] AndroidManifest.xml:31:17-49
150        </provider>
151
152        <receiver
152-->[androidx.profileinstaller:profileinstaller:1.3.1] AndroidManifest.xml:34:9-52:20
153            android:name="androidx.profileinstaller.ProfileInstallReceiver"
153-->[androidx.profileinstaller:profileinstaller:1.3.1] AndroidManifest.xml:35:13-76
154            android:directBootAware="false"
154-->[androidx.profileinstaller:profileinstaller:1.3.1] AndroidManifest.xml:36:13-44
155            android:enabled="true"
155-->[androidx.profileinstaller:profileinstaller:1.3.1] AndroidManifest.xml:37:13-35
156            android:exported="true"
156-->[androidx.profileinstaller:profileinstaller:1.3.1] AndroidManifest.xml:38:13-36
157            android:permission="android.permission.DUMP" >
157-->[androidx.profileinstaller:profileinstaller:1.3.1] AndroidManifest.xml:39:13-57
158            <intent-filter>
158-->[androidx.profileinstaller:profileinstaller:1.3.1] AndroidManifest.xml:40:13-42:29
159                <action android:name="androidx.profileinstaller.action.INSTALL_PROFILE" />
159-->[androidx.profileinstaller:profileinstaller:1.3.1] AndroidManifest.xml:41:17-91
159-->[androidx.profileinstaller:profileinstaller:1.3.1] AndroidManifest.xml:41:25-88
160            </intent-filter>
161            <intent-filter>
161-->[androidx.profileinstaller:profileinstaller:1.3.1] AndroidManifest.xml:43:13-45:29
162                <action android:name="androidx.profileinstaller.action.SKIP_FILE" />
162-->[androidx.profileinstaller:profileinstaller:1.3.1] AndroidManifest.xml:44:17-85
162-->[androidx.profileinstaller:profileinstaller:1.3.1] AndroidManifest.xml:44:25-82
163            </intent-filter>
164            <intent-filter>
164-->[androidx.profileinstaller:profileinstaller:1.3.1] AndroidManifest.xml:46:13-48:29
165                <action android:name="androidx.profileinstaller.action.SAVE_PROFILE" />
165-->[androidx.profileinstaller:profileinstaller:1.3.1] AndroidManifest.xml:47:17-88
165-->[androidx.profileinstaller:profileinstaller:1.3.1] AndroidManifest.xml:47:25-85
166            </intent-filter>
167            <intent-filter>
167-->[androidx.profileinstaller:profileinstaller:1.3.1] AndroidManifest.xml:49:13-51:29
168                <action android:name="androidx.profileinstaller.action.BENCHMARK_OPERATION" />
168-->[androidx.profileinstaller:profileinstaller:1.3.1] AndroidManifest.xml:50:17-95
168-->[androidx.profileinstaller:profileinstaller:1.3.1] AndroidManifest.xml:50:25-92
169            </intent-filter>
170        </receiver>
171    </application>
172
173</manifest>